2026-06-20T12:43:16 Startar uppdatering.
2026-06-20T12:43:16 Hämtar CN.
2026-06-20T12:44:07 Skapade CN.json med 1274 bilder.
2026-06-20T12:44:07 Skapade photos.json med 1274 bilder.
2026-06-20T12:44:07 Uppdatering klar.
2026-06-20T12:45:40 Startar uppdatering.
2026-06-20T12:45:40 Hämtar CN.
2026-06-20T12:46:29 Inget nytt för CN. CN.json lämnas oförändrad.
2026-06-20T12:46:29 Skapade photos.json med 1274 bilder.
2026-06-20T12:46:29 Uppdatering klar.
2026-06-20T13:04:03 Startar uppdatering.
2026-06-20T13:04:03 Hämtar CN.
2026-06-20T13:04:55 Inget nytt för CN. CN.json lämnas oförändrad.
2026-06-20T13:04:55 Skapade photos.json med 1274 bilder.
2026-06-20T13:04:55 Uppdatering klar.
2026-06-20T13:09:13 Startar uppdatering.
2026-06-20T13:09:13 GOOGLE_DRIVE_API_KEY saknas. Faller tillbaka till HTML-läsning.
2026-06-20T13:09:13 Hämtar CN.
2026-06-20T13:10:06 Inget nytt för CN. CN.json lämnas oförändrad.
2026-06-20T13:10:06 Skapade CN.manifest.json med 1333 poster.
2026-06-20T13:10:06 Skapade photos.json med 1274 bilder.
2026-06-20T13:10:06 Uppdatering klar.
2026-06-20T13:10:15 Startar uppdatering.
2026-06-20T13:10:15 GOOGLE_DRIVE_API_KEY saknas. Faller tillbaka till HTML-läsning.
2026-06-20T13:10:15 Hämtar CN.
2026-06-20T13:11:06 Inget nytt för CN. CN.json lämnas oförändrad.
2026-06-20T13:11:06 Skapade photos.json med 1274 bilder.
2026-06-20T13:11:06 Uppdatering klar.
2026-06-20T13:12:57 Startar uppdatering.
2026-06-20T13:12:57 GOOGLE_DRIVE_API_KEY saknas. Faller tillbaka till HTML-läsning.
2026-06-20T13:12:57 Hämtar CN.
2026-06-20T13:13:51 Inget nytt för CN. CN.json lämnas oförändrad.
2026-06-20T13:13:51 Skapade photos.json med 1274 bilder.
2026-06-20T13:13:51 Uppdatering klar.
2026-06-20T13:15:04 Startar uppdatering.
2026-06-20T13:15:04 GOOGLE_DRIVE_API_KEY saknas. Faller tillbaka till HTML-läsning.
2026-06-20T13:15:04 Hämtar CN.
2026-06-20T13:15:20 Startar uppdatering.
2026-06-20T13:15:20 GOOGLE_DRIVE_API_KEY saknas. Faller tillbaka till HTML-läsning.
2026-06-20T13:15:20 Hämtar CN.
2026-06-20T13:15:55 Inget nytt för CN. CN.json lämnas oförändrad.
2026-06-20T13:15:55 Skapade photos.json med 1274 bilder.
2026-06-20T13:15:55 Uppdatering klar.
2026-06-20T13:16:14 Inget nytt för CN. CN.json lämnas oförändrad.
2026-06-20T13:16:14 Skapade photos.json med 1274 bilder.
2026-06-20T13:16:14 Uppdatering klar.
2026-06-20T13:24:26 Startar uppdatering.
2026-06-20T13:24:26 Google Drive API används för katalogkontroll.
2026-06-20T13:24:26 Hämtar CN.
2026-06-20T13:24:26 Drive API misslyckades för 1IQSQUGml83eFJQAxqi_ymg1UXhtqSv4K: HTTP Error 403: Forbidden. Faller tillbaka till HTML.
2026-06-20T13:24:27 Drive API misslyckades för 1dxBFxutmvh5o3vbvDUBj4wbEYxnWWtNz: HTTP Error 403: Forbidden. Faller tillbaka till HTML.
2026-06-20T13:24:27 Drive API misslyckades för 1SmCiPEoZlXuaHN-77zLAxzGxiUSIC35z: HTTP Error 403: Forbidden. Faller tillbaka till HTML.
2026-06-20T13:24:28 Drive API misslyckades för 1S4MinIhtF4TYf_iAJ3gTl6WzTbRpuWkA: HTTP Error 403: Forbidden. Faller tillbaka till HTML.
2026-06-20T13:24:29 Drive API misslyckades för 1kb08UAeEVuo8jjhFeggUeL6sVI14nvOA: HTTP Error 403: Forbidden. Faller tillbaka till HTML.
2026-06-20T13:24:30 Drive API misslyckades för 1YklQINMrsXSa1NrIBngcOXUFGItg6Cs3: HTTP Error 403: Forbidden. Faller tillbaka till HTML.
2026-06-20T13:24:31 Drive API misslyckades för 1Gt8vXQ-xmkkicA3av_epxf0dXZ3s7YYK: HTTP Error 403: Forbidden. Faller tillbaka till HTML.
2026-06-20T13:24:31 Drive API misslyckades för 1rFDj9XaS7-_aJNq9Wtt2u5baz1Sb8OhD: HTTP Error 403: Forbidden. Faller tillbaka till HTML.
2026-06-20T13:24:32 Drive API misslyckades för 1W2z3rbkAec66cuidK-U46eOFS9QdYmrQ: HTTP Error 403: Forbidden. Faller tillbaka till HTML.
2026-06-20T13:24:33 Drive API misslyckades för 1acaM9zAyBpo3Ep-U4lN56LXYWxI2jcRM: HTTP Error 403: Forbidden. Faller tillbaka till HTML.
2026-06-20T13:24:34 Drive API misslyckades för 1paEwT3t7wkcQeG_DWcYZWkZgdmMCgAzJ: HTTP Error 403: Forbidden. Faller tillbaka till HTML.
2026-06-20T13:24:36 Drive API misslyckades för 11GzKyy31ttz5iabi-TrOm6u-blmuC5Fq: HTTP Error 403: Forbidden. Faller tillbaka till HTML.
2026-06-20T13:24:37 Drive API misslyckades för 1tqDdpALZ1S5WwnfHgy-oXduswCSZ_9Fz: HTTP Error 403: Forbidden. Faller tillbaka till HTML.
2026-06-20T13:24:38 Drive API misslyckades för 1viXogCH7PkryIdrciiuJ8DB0NmIf_7Fv: HTTP Error 403: Forbidden. Faller tillbaka till HTML.
2026-06-20T13:24:39 Drive API misslyckades för 1M5_EpWhgRWEKSSiG7XWVDn-zgUaYqA19: HTTP Error 403: Forbidden. Faller tillbaka till HTML.
2026-06-20T13:24:40 Drive API misslyckades för 1yn_60z9QBZLXkqxSeeHPNqIEWRpjLz4O: HTTP Error 403: Forbidden. Faller tillbaka till HTML.
2026-06-20T13:24:42 Drive API misslyckades för 1HkkY8vsaXE_JGZMveQJWWrLd50yM1CfK: HTTP Error 403: Forbidden. Faller tillbaka till HTML.
2026-06-20T13:24:43 Drive API misslyckades för 1i8QF65Wi4T7maa64xdSNcbuOoSaHhVmG: HTTP Error 403: Forbidden. Faller tillbaka till HTML.
2026-06-20T13:24:44 Drive API misslyckades för 1Gnu1XMgjslzVUTM7T_FlAH2Ecv7VQbLk: HTTP Error 403: Forbidden. Faller tillbaka till HTML.
2026-06-20T13:24:45 Drive API misslyckades för 1GBzyMVZsad_-kfp0mmBkelcHavu2i3XK: HTTP Error 403: Forbidden. Faller tillbaka till HTML.
2026-06-20T13:24:46 Drive API misslyckades för 18DHJwgORDhTpDWM9CT4DlBoXiHCZR_n-: HTTP Error 403: Forbidden. Faller tillbaka till HTML.
2026-06-20T13:24:47 Drive API misslyckades för 1KnCoFMNn4QAtKEpC-ZO_04XGHQl-qJ89: HTTP Error 403: Forbidden. Faller tillbaka till HTML.
2026-06-20T13:24:49 Drive API misslyckades för 1HQtYrMBiJ7p0gt_MckbgQiyO60KryEGU: HTTP Error 403: Forbidden. Faller tillbaka till HTML.
2026-06-20T13:24:50 Drive API misslyckades för 10O7Z5HFvlpiNfkzoNwcuF1IVnE4lOXT1: HTTP Error 403: Forbidden. Faller tillbaka till HTML.
2026-06-20T13:30:16 Startar uppdatering.
2026-06-20T13:30:16 Google Drive API används för katalogkontroll.
2026-06-20T13:30:16 Hämtar CN.
2026-06-20T13:30:19 Drive API misslyckades för 1W2z3rbkAec66cuidK-U46eOFS9QdYmrQ: HTTP Error 403: Forbidden. Faller tillbaka till HTML.
2026-06-20T13:30:25 Drive API misslyckades för 1by12wupWEm9IUHQ7PhrAUTSSyssdtgwC: HTTP Error 403: Forbidden. Faller tillbaka till HTML.
2026-06-20T13:30:46 Startar uppdatering.
2026-06-20T13:30:46 Google Drive API används för katalogkontroll.
2026-06-20T13:30:46 Hämtar CN.
2026-06-20T13:31:03 Skapade CN.json med 1537 bilder.
2026-06-20T13:31:03 Skapade CN.manifest.json med 1596 poster.
2026-06-20T13:31:03 Skapade photos.json med 1537 bilder.
2026-06-20T13:31:03 Uppdatering klar.
2026-06-20T13:32:53 Startar uppdatering.
2026-06-20T13:32:53 GOOGLE_DRIVE_API_KEY saknas. Faller tillbaka till HTML-läsning.
2026-06-20T13:32:53 Hämtar CN.
2026-06-20T13:33:17 Startar uppdatering.
2026-06-20T13:33:17 Google Drive API används för katalogkontroll.
2026-06-20T13:33:17 Hämtar CN.
2026-06-20T13:33:22 Drive API misslyckades för 1Gnu1XMgjslzVUTM7T_FlAH2Ecv7VQbLk: HTTP Error 403: Forbidden. Faller tillbaka till HTML.
2026-06-20T13:33:23 Drive API misslyckades för 1KnCoFMNn4QAtKEpC-ZO_04XGHQl-qJ89: HTTP Error 403: Forbidden. Faller tillbaka till HTML.
2026-06-20T13:35:21 Startar uppdatering.
2026-06-20T13:35:21 Google Drive API används för katalogkontroll.
2026-06-20T13:35:21 Hämtar CN.
2026-06-20T13:35:37 Inget nytt för CN. CN.json lämnas oförändrad.
2026-06-20T13:35:37 Skapade photos.json med 1537 bilder.
2026-06-20T13:35:37 Uppdatering klar.
2026-06-20T13:50:08 Startar uppdatering.
2026-06-20T13:51:44 Skapade token.json.
2026-06-20T13:51:44 OAuth används för Drive API och ändringskontroll.
2026-06-20T13:51:44 Hämtar CN.
2026-06-20T13:52:03 Inget nytt för CN. CN.json lämnas oförändrad.
2026-06-20T13:52:04 Skapade CN.changes.json.
2026-06-20T13:52:04 Skapade photos.json med 1537 bilder.
2026-06-20T13:52:04 Uppdatering klar.
2026-06-20T13:52:18 Startar uppdatering.
2026-06-20T13:52:18 OAuth används för Drive API och ändringskontroll.
2026-06-20T13:52:18 Hämtar CN.
2026-06-20T13:52:18 Inga Drive-ändringar för CN. CN.json lämnas oförändrad.
2026-06-20T13:52:18 Skapade CN.changes.json.
2026-06-20T13:52:18 Skapade photos.json med 1537 bilder.
2026-06-20T13:52:18 Uppdatering klar.
2026-06-20T13:54:09 Startar uppdatering.
2026-06-20T13:54:09 OAuth används för Drive API och ändringskontroll.
2026-06-20T13:54:09 Hämtar CN.
2026-06-20T13:54:29 Skapade CN.json med 1536 bilder.
2026-06-20T13:54:29 Skapade CN.manifest.json med 1595 poster.
2026-06-20T13:54:30 Skapade CN.changes.json.
2026-06-20T13:54:30 Skapade photos.json med 1536 bilder.
2026-06-20T13:54:30 Uppdatering klar.
2026-06-20T13:55:01 Startar uppdatering.
2026-06-20T13:55:01 OAuth används för Drive API och ändringskontroll.
2026-06-20T13:55:01 Hämtar CN.
2026-06-20T13:55:01 Inga Drive-ändringar för CN. CN.json lämnas oförändrad.
2026-06-20T13:55:01 Skapade CN.changes.json.
2026-06-20T13:55:01 Skapade photos.json med 1536 bilder.
2026-06-20T13:55:01 Uppdatering klar.
2026-06-20T13:59:03 Startar uppdatering.
2026-06-20T13:59:03 OAuth används för Drive API och ändringskontroll.
2026-06-20T13:59:03 Hämtar CN.
2026-06-20T13:59:23 Skapade CN.json med 1535 bilder.
2026-06-20T13:59:23 Skapade CN.manifest.json med 1594 poster.
2026-06-20T13:59:23 Skapade CN.changes.json.
2026-06-20T13:59:23 Skapade photos.json med 1535 bilder.
2026-06-20T13:59:23 Uppdatering klar.
2026-06-20T13:59:27 Startar uppdatering.
2026-06-20T13:59:27 OAuth används för Drive API och ändringskontroll.
2026-06-20T13:59:27 Hämtar CN.
2026-06-20T13:59:27 Inga Drive-ändringar för CN. CN.json lämnas oförändrad.
2026-06-20T13:59:27 Skapade CN.changes.json.
2026-06-20T13:59:27 Skapade photos.json med 1535 bilder.
2026-06-20T13:59:27 Uppdatering klar.
2026-06-20T13:59:28 Startar uppdatering.
2026-06-20T13:59:28 OAuth används för Drive API och ändringskontroll.
2026-06-20T13:59:28 Hämtar CN.
2026-06-20T13:59:29 Inga Drive-ändringar för CN. CN.json lämnas oförändrad.
2026-06-20T13:59:29 Skapade CN.changes.json.
2026-06-20T13:59:29 Skapade photos.json med 1535 bilder.
2026-06-20T13:59:29 Uppdatering klar.
2026-06-20T14:54:46 Startar uppdatering.
2026-06-20T14:54:47 Skapade token.json.
2026-06-20T14:54:47 OAuth används för Drive API och ändringskontroll.
2026-06-20T14:54:47 Hämtar CN.
2026-06-20T14:54:47 Inga Drive-ändringar för CN. CN.json lämnas oförändrad.
2026-06-20T14:54:47 Skapade CN.changes.json.
2026-06-20T14:54:47 Skapade photos.json med 1535 bilder.
2026-06-20T14:54:47 Uppdatering klar.
2026-06-20T14:55:34 Startar uppdatering.
2026-06-20T14:55:34 OAuth används för Drive API och ändringskontroll.
2026-06-20T14:55:34 Hämtar CN.
2026-06-20T14:55:53 Skapade CN.json med 1535 bilder.
2026-06-20T14:55:53 Skapade CN.manifest.json med 1594 poster.
2026-06-20T14:55:53 Skapade CN.changes.json.
2026-06-20T14:55:53 Skapade photos.json med 1535 bilder.
2026-06-20T14:55:53 Uppdatering klar.

2026-06-20T15:26:06 Startar uppdatering.
2026-06-20T15:26:06 OAuth används för Drive API och ändringskontroll.
2026-06-20T15:26:06 Hämtar CN.
2026-06-20T15:26:06 Inga Drive-ändringar för CN. CN.json lämnas oförändrad.
2026-06-20T15:26:06 Skapade CN.changes.json.
2026-06-20T15:26:06 Skapade photos.json med 1535 bilder.
2026-06-20T15:26:06 Uppdatering klar.

2026-06-20T17:55:19 Startar uppdatering.
2026-06-20T17:55:19 Skapade token.json.
2026-06-20T17:55:19 OAuth används för Drive API och ändringskontroll.
2026-06-20T17:55:19 Hämtar CN.
2026-06-20T17:55:46 Inget nytt för CN. CN.json lämnas oförändrad.
2026-06-20T17:55:46 Skapade CN.changes.json.
2026-06-20T17:55:46 Hämtar LOAH.
2026-06-20T17:56:00 Skapade LOAH.json med 776 bilder.
2026-06-20T17:56:00 Skapade LOAH.manifest.json med 815 poster.
2026-06-20T17:56:00 Skapade LOAH.changes.json.
2026-06-20T17:56:00 Skapade photos.json med 2311 bilder.
2026-06-20T17:56:00 Uppdatering klar.

2026-06-20T18:05:38 Startar uppdatering.
2026-06-20T18:05:38 OAuth används för Drive API och ändringskontroll.
2026-06-20T18:05:38 Hämtar CN.
2026-06-20T18:05:39 Inga Drive-ändringar för CN. CN.json lämnas oförändrad.
2026-06-20T18:05:39 Skapade CN.changes.json.
2026-06-20T18:05:39 Hämtar LOAH.
2026-06-20T18:05:53 Inget nytt för LOAH. LOAH.json lämnas oförändrad.
2026-06-20T18:05:53 Skapade LOAH.changes.json.
2026-06-20T18:05:53 Skapade photos.json med 2311 bilder.
2026-06-20T18:05:53 Uppdatering klar.

2026-06-20T18:06:00 Startar uppdatering.
2026-06-20T18:06:00 OAuth används för Drive API och ändringskontroll.
2026-06-20T18:06:00 Hämtar CN.
2026-06-20T18:06:00 Inga Drive-ändringar för CN. CN.json lämnas oförändrad.
2026-06-20T18:06:00 Skapade CN.changes.json.
2026-06-20T18:06:00 Hämtar LOAH.
2026-06-20T18:06:01 Inga Drive-ändringar för LOAH. LOAH.json lämnas oförändrad.
2026-06-20T18:06:01 Skapade LOAH.changes.json.
2026-06-20T18:06:01 Skapade photos.json med 2311 bilder.
2026-06-20T18:06:01 Uppdatering klar.

2026-06-20T18:22:13 Startar uppdatering.
2026-06-20T18:22:13  OAuth används för Drive API och ändringskontroll.
2026-06-20T18:22:13  Hämtar CN.
2026-06-20T18:22:13   Inga Drive-ändringar för CN. CN.json lämnas oförändrad.
2026-06-20T18:22:13   Skapade CN.changes.json.
2026-06-20T18:22:13  Hämtar LOAH.
2026-06-20T18:22:13   Inga Drive-ändringar för LOAH. LOAH.json lämnas oförändrad.
2026-06-20T18:22:13   Skapade LOAH.changes.json.
2026-06-20T18:22:13  Skapade photos.json med 2311 bilder.
2026-06-20T18:22:13 Uppdatering klar.

2026-06-22T16:26:54 Startar uppdatering.
2026-06-22T16:26:55 Skapade token.json.
2026-06-22T16:26:55  OAuth används för Drive API och ändringskontroll.
2026-06-22T16:26:55  Hämtar CN.
2026-06-22T16:27:16   Skapade CN.json med 1535 bilder.
2026-06-22T16:27:16   Skapade CN.manifest.json med 1594 poster.
2026-06-22T16:27:16   Skapade CN.changes.json.
2026-06-22T16:27:16  Hämtar LOAH.
2026-06-22T16:27:34   Skapade LOAH.json med 776 bilder.
2026-06-22T16:27:34   Skapade LOAH.manifest.json med 815 poster.
2026-06-22T16:27:34   Skapade LOAH.changes.json.
2026-06-22T16:27:34  Skapade photos.json med 2311 bilder.
2026-06-22T16:27:34 Uppdatering klar.

2026-06-22T16:42:18 Startar uppdatering.
2026-06-22T16:42:18  OAuth används för Drive API och ändringskontroll.
2026-06-22T16:42:18  Hämtar CN.
2026-06-22T16:42:38   Inget nytt för CN. CN.json lämnas oförändrad.
2026-06-22T16:42:39   Skapade CN.changes.json.
2026-06-22T16:42:39  Hämtar LOAH.
2026-06-22T16:42:39   Inga Drive-ändringar för LOAH. LOAH.json lämnas oförändrad.
2026-06-22T16:42:39   Skapade LOAH.changes.json.
2026-06-22T16:42:39  Skapade photos.json med 2311 bilder.
2026-06-22T16:42:39 Uppdatering klar.
